{"/home/dowinterfor6/linux_documents/AwesomeExpoProject/src/actions/actions.ts": {"path":"/home/dowinterfor6/linux_documents/AwesomeExpoProject/src/actions/actions.ts","statementMap":{"0":{"start":{"line":3,"column":30},"end":{"line":3,"column":46}},"1":{"start":{"line":5,"column":29},"end":{"line":8,"column":2}},"2":{"start":{"line":5,"column":63},"end":{"line":8,"column":1}},"3":{"start":{"line":10,"column":30},"end":{"line":10,"column":46}},"4":{"start":{"line":12,"column":29},"end":{"line":14,"column":2}},"5":{"start":{"line":12,"column":36},"end":{"line":14,"column":1}}},"fnMap":{"0":{"name":"(anonymous_0)","decl":{"start":{"line":5,"column":29},"end":{"line":5,"column":30}},"loc":{"start":{"line":5,"column":63},"end":{"line":8,"column":1}},"line":5},"1":{"name":"(anonymous_1)","decl":{"start":{"line":12,"column":29},"end":{"line":12,"column":30}},"loc":{"start":{"line":12,"column":36},"end":{"line":14,"column":1}},"line":12}},"branchMap":{},"s":{"0":2,"1":2,"2":1,"3":2,"4":2,"5":1},"f":{"0":1,"1":1},"b":{},"_coverageSchema":"1a1c01bbd47fc00a2c39e90264f33305004495a9","hash":"53309b419a7ae040e100896013c70c3971722d5b"}
,"/home/dowinterfor6/linux_documents/AwesomeExpoProject/src/components/ColorBox.tsx": {"path":"/home/dowinterfor6/linux_documents/AwesomeExpoProject/src/components/ColorBox.tsx","statementMap":{"0":{"start":{"line":5,"column":17},"end":{"line":24,"column":1}},"1":{"start":{"line":6,"column":19},"end":{"line":8,"column":3}},"2":{"start":{"line":10,"column":20},"end":{"line":15,"column":3}},"3":{"start":{"line":17,"column":2},"end":{"line":23,"column":4}},"4":{"start":{"line":26,"column":15},"end":{"line":41,"column":2}}},"fnMap":{"0":{"name":"(anonymous_0)","decl":{"start":{"line":5,"column":17},"end":{"line":5,"column":18}},"loc":{"start":{"line":5,"column":53},"end":{"line":24,"column":1}},"line":5}},"branchMap":{"0":{"loc":{"start":{"line":12,"column":6},"end":{"line":14,"column":17}},"type":"cond-expr","locations":[{"start":{"line":13,"column":10},"end":{"line":13,"column":17}},{"start":{"line":14,"column":10},"end":{"line":14,"column":17}}],"line":12}},"s":{"0":1,"1":4,"2":4,"3":4,"4":1},"f":{"0":4},"b":{"0":[3,1]},"_coverageSchema":"1a1c01bbd47fc00a2c39e90264f33305004495a9","hash":"6e5aa6b107fb72ac50db0bc180fa94dea5494376"}
,"/home/dowinterfor6/linux_documents/AwesomeExpoProject/src/components/PalettePreview.tsx": {"path":"/home/dowinterfor6/linux_documents/AwesomeExpoProject/src/components/PalettePreview.tsx","statementMap":{"0":{"start":{"line":11,"column":23},"end":{"line":25,"column":1}},"1":{"start":{"line":12,"column":2},"end":{"line":24,"column":4}},"2":{"start":{"line":18,"column":36},"end":{"line":18,"column":59}},"3":{"start":{"line":20,"column":10},"end":{"line":20,"column":74}},"4":{"start":{"line":27,"column":15},"end":{"line":47,"column":2}}},"fnMap":{"0":{"name":"(anonymous_0)","decl":{"start":{"line":11,"column":23},"end":{"line":11,"column":24}},"loc":{"start":{"line":11,"column":75},"end":{"line":25,"column":1}},"line":11},"1":{"name":"(anonymous_1)","decl":{"start":{"line":18,"column":22},"end":{"line":18,"column":23}},"loc":{"start":{"line":18,"column":36},"end":{"line":18,"column":59}},"line":18},"2":{"name":"(anonymous_2)","decl":{"start":{"line":19,"column":20},"end":{"line":19,"column":21}},"loc":{"start":{"line":20,"column":10},"end":{"line":20,"column":74}},"line":20}},"branchMap":{},"s":{"0":1,"1":6,"2":1,"3":5,"4":1},"f":{"0":6,"1":1,"2":5},"b":{},"_coverageSchema":"1a1c01bbd47fc00a2c39e90264f33305004495a9","hash":"463122e818564c5dd07baeb64228824c3ea80bd3"}
,"/home/dowinterfor6/linux_documents/AwesomeExpoProject/src/data/initialColorPalettes.ts": {"path":"/home/dowinterfor6/linux_documents/AwesomeExpoProject/src/data/initialColorPalettes.ts","statementMap":{"0":{"start":{"line":1,"column":30},"end":{"line":280,"column":1}}},"fnMap":{},"branchMap":{},"s":{"0":1},"f":{},"b":{},"_coverageSchema":"1a1c01bbd47fc00a2c39e90264f33305004495a9","hash":"744ad3228ba5d42c96ccf395daf88dff44f5376c"}
,"/home/dowinterfor6/linux_documents/AwesomeExpoProject/src/reducers/colorPalettes.ts": {"path":"/home/dowinterfor6/linux_documents/AwesomeExpoProject/src/reducers/colorPalettes.ts","statementMap":{"0":{"start":{"line":6,"column":28},"end":{"line":20,"column":1}},"1":{"start":{"line":10,"column":2},"end":{"line":10,"column":23}},"2":{"start":{"line":12,"column":2},"end":{"line":19,"column":3}},"3":{"start":{"line":14,"column":6},"end":{"line":14,"column":45}},"4":{"start":{"line":16,"column":6},"end":{"line":16,"column":19}},"5":{"start":{"line":18,"column":6},"end":{"line":18,"column":19}}},"fnMap":{"0":{"name":"(anonymous_0)","decl":{"start":{"line":6,"column":28},"end":{"line":6,"column":29}},"loc":{"start":{"line":9,"column":5},"end":{"line":20,"column":1}},"line":9}},"branchMap":{"0":{"loc":{"start":{"line":7,"column":2},"end":{"line":7,"column":41}},"type":"default-arg","locations":[{"start":{"line":7,"column":27},"end":{"line":7,"column":41}}],"line":7},"1":{"loc":{"start":{"line":12,"column":2},"end":{"line":19,"column":3}},"type":"switch","locations":[{"start":{"line":13,"column":4},"end":{"line":14,"column":45}},{"start":{"line":15,"column":4},"end":{"line":16,"column":19}},{"start":{"line":17,"column":4},"end":{"line":18,"column":19}}],"line":12}},"s":{"0":1,"1":3,"2":3,"3":1,"4":1,"5":1},"f":{"0":3},"b":{"0":[1],"1":[1,1,1]},"_coverageSchema":"1a1c01bbd47fc00a2c39e90264f33305004495a9","hash":"264add7d49043c3e48fabb6936640da798298c2b"}
}
